2020-02-05 19:43:37 INFO  Mastermind:23 - Je suis au debut du main
2020-02-05 19:43:37 INFO  Mastermind:24 - Je suis à la fin du main
2020-02-07 13:15:42 INFO  Mastermind:23 - Je suis au debut du main
2020-02-07 13:15:42 INFO  Mastermind:24 - Je suis à la fin du main
2020-02-07 13:31:39 INFO  Mastermind:23 - Je suis au debut du main
2020-02-07 13:31:39 INFO  Mastermind:24 - Je suis à la fin du main
2020-02-07 13:41:59 INFO  Mastermind:23 - Je suis au debut du main
2020-02-07 13:41:59 INFO  Mastermind:24 - Je suis à la fin du main
2020-02-07 13:42:48 INFO  Mastermind:23 - Je suis au debut du main
2020-02-07 13:42:48 INFO  Mastermind:24 - Je suis à la fin du main
2020-02-07 13:43:16 INFO  Mastermind:23 - Je suis au debut du main
2020-02-07 13:43:16 INFO  Mastermind:24 - Je suis à la fin du main
2020-02-07 13:45:00 INFO  Mastermind:23 - Je suis au debut du main
2020-02-07 13:45:00 INFO  Mastermind:24 - Je suis à la fin du main
2020-02-07 13:46:15 INFO  Mastermind:23 - Je suis au debut du main
2020-02-07 13:46:15 INFO  Mastermind:24 - Je suis à la fin du main
2020-02-07 13:49:25 INFO  Mastermind:23 - Je suis au debut du main
2020-02-07 13:49:25 INFO  Mastermind:24 - Je suis à la fin du main
2020-02-07 13:49:48 INFO  Game:40 - 4
2020-02-07 13:49:48 INFO  Game:60 - combi :[0, 0, 0, 0]
2020-02-07 13:50:08 INFO  Mastermind:23 - Je suis au debut du main
2020-02-07 13:50:08 INFO  Mastermind:24 - Je suis à la fin du main
2020-02-07 13:54:17 INFO  Mastermind:23 - Je suis au debut du main
2020-02-07 13:54:17 INFO  Mastermind:24 - Je suis à la fin du main
2020-02-07 13:54:24 INFO  Game:40 - 4
2020-02-07 13:54:24 INFO  Game:60 - combi :[1, 1, 1, 1]
2020-02-07 13:54:40 INFO  Mastermind:23 - Je suis au debut du main
2020-02-07 13:54:40 INFO  Mastermind:24 - Je suis à la fin du main
2020-02-07 13:54:47 INFO  Game:40 - 4
2020-02-07 13:54:47 INFO  Game:60 - combi :[1, 1, 1, 1]
2020-02-07 13:55:19 INFO  Mastermind:23 - Je suis au debut du main
2020-02-07 13:55:19 INFO  Mastermind:24 - Je suis à la fin du main
2020-02-07 13:55:36 INFO  Mastermind:23 - Je suis au debut du main
2020-02-07 13:55:36 INFO  Mastermind:24 - Je suis à la fin du main
2020-02-07 13:56:45 INFO  Mastermind:23 - Je suis au debut du main
2020-02-07 13:56:45 INFO  Mastermind:24 - Je suis à la fin du main
2020-02-07 13:56:56 INFO  Game:40 - 4
2020-02-07 13:56:56 INFO  Game:60 - combi :[2, 2, 2, 2]
2020-02-07 13:57:04 INFO  Mastermind:23 - Je suis au debut du main
2020-02-07 13:57:04 INFO  Mastermind:24 - Je suis à la fin du main
2020-02-07 13:57:15 INFO  Mastermind:23 - Je suis au debut du main
2020-02-07 13:57:15 INFO  Mastermind:24 - Je suis à la fin du main
2020-02-07 13:57:20 INFO  Game:40 - 4
2020-02-07 13:57:20 INFO  Game:60 - combi :[1, 1, 1, 1]
2020-02-07 14:01:50 INFO  Mastermind:23 - Je suis au debut du main
2020-02-07 14:01:50 INFO  Mastermind:24 - Je suis à la fin du main
2020-02-07 14:02:03 INFO  Game:40 - 4
2020-02-07 14:02:03 INFO  Game:60 - combi :[1, 1, 1, 1]
2020-02-07 14:06:34 INFO  Mastermind:23 - Je suis au debut du main
2020-02-07 14:06:34 INFO  Mastermind:24 - Je suis à la fin du main
2020-02-07 14:07:54 INFO  Mastermind:23 - Je suis au debut du main
2020-02-07 14:07:54 INFO  Mastermind:24 - Je suis à la fin du main
2020-02-07 14:09:43 INFO  Mastermind:23 - Je suis au debut du main
2020-02-07 14:09:43 INFO  Mastermind:24 - Je suis à la fin du main
2020-02-07 14:11:08 INFO  Mastermind:23 - Je suis au debut du main
2020-02-07 14:11:08 INFO  Mastermind:24 - Je suis à la fin du main
2020-02-07 14:12:50 INFO  Mastermind:23 - Je suis au debut du main
2020-02-07 14:12:50 INFO  Mastermind:24 - Je suis à la fin du main
2020-02-07 14:13:35 INFO  Mastermind:23 - Je suis au debut du main
2020-02-07 14:13:35 INFO  Mastermind:24 - Je suis à la fin du main
2020-02-07 14:14:22 INFO  Mastermind:23 - Je suis au debut du main
2020-02-07 14:14:22 INFO  Mastermind:24 - Je suis à la fin du main
2020-02-07 14:17:30 INFO  Mastermind:23 - Je suis au debut du main
2020-02-07 14:17:30 INFO  Mastermind:24 - Je suis à la fin du main
2020-02-07 14:17:49 INFO  Game:40 - 4
2020-02-07 14:17:49 INFO  Game:60 - combi :[1, 2, 3, 1]
2020-02-07 16:32:21 INFO  Game:40 - 4
2020-02-07 16:32:21 INFO  Game:60 - combi :[1, 2, 1, 2]
2020-02-07 16:32:42 INFO  Game:40 - 4
2020-02-07 16:32:42 INFO  Game:60 - combi :[2, 3, 0, 3]
2020-02-07 16:33:03 INFO  Game:40 - 4
2020-02-07 16:33:03 INFO  Game:60 - combi :[3, 3, 0, 4]
2020-02-07 16:40:13 INFO  Mastermind:22 - Je suis au debut du main
2020-02-07 16:40:13 INFO  Mastermind:23 - Je suis à la fin du main
2020-02-07 16:55:24 INFO  Game:40 - 4
2020-02-07 16:55:24 INFO  Game:60 - combi :[0, 0, 0, 0]
2020-02-07 17:26:18 INFO  Game:40 - 4
2020-02-07 17:26:18 INFO  Game:60 - combi :[1, 2, 1, 2]
2020-02-07 17:26:52 INFO  Game:40 - 4
2020-02-07 17:26:52 INFO  Game:60 - combi :[5, 9, 7, 5]
2020-02-07 17:30:44 INFO  Game:40 - 4
2020-02-07 17:30:44 INFO  Game:60 - combi :[5, 8, 7, 4]
2020-02-07 17:31:19 INFO  Game:40 - 4
2020-02-07 17:31:19 INFO  Game:60 - combi :[0, 0, 0, 0]
2020-02-07 17:31:50 INFO  Game:40 - 4
2020-02-07 17:31:50 INFO  Game:60 - combi :[0, 0, 0, 0]
2020-02-07 17:32:53 INFO  Game:40 - 4
2020-02-07 17:32:53 INFO  Game:60 - combi :[0, 0, 0, 0]
2020-02-07 17:33:19 INFO  Game:40 - 4
2020-02-07 17:33:19 INFO  Game:60 - combi :[5, 4, 8, 9]
2020-02-07 17:33:58 INFO  Game:40 - 4
2020-02-07 17:33:58 INFO  Game:60 - combi :[0, 2, 6, 8]
2020-02-07 17:34:30 INFO  Game:40 - 4
2020-02-07 17:34:30 INFO  Game:60 - combi :[1, 5, 6, 9]
2020-02-07 17:37:02 INFO  Game:40 - 4
2020-02-07 17:37:02 INFO  Game:60 - combi :[2, 6, 8, 6]
2020-02-07 17:40:03 INFO  Game:40 - 4
2020-02-07 17:40:03 INFO  Game:60 - combi :[5, 4, 8, 9]
2020-02-07 17:41:35 INFO  Game:40 - 4
2020-02-07 17:41:35 INFO  Game:60 - combi :[0, 2, 0, 2]
2020-02-07 17:42:32 INFO  Game:40 - 4
2020-02-07 17:42:32 INFO  Game:60 - combi :[0, 1, 0, 1]
2020-02-07 17:44:50 INFO  Game:40 - 4
2020-02-07 17:44:50 INFO  Game:60 - combi :[0, 2, 0, 2]
2020-02-07 17:45:26 INFO  Game:40 - 4
2020-02-07 17:45:26 INFO  Game:60 - combi :[5, 6, 9, 1]
2020-02-07 17:45:36 INFO  Game:40 - 4
2020-02-07 17:45:36 INFO  Game:60 - combi :[2, 5, 6, 9]
2020-02-07 17:46:08 INFO  Game:40 - 4
2020-02-07 17:46:08 INFO  Game:60 - combi :[2, 5, 9, 4]
2020-02-07 17:46:43 INFO  Game:40 - 4
2020-02-07 17:46:43 INFO  Game:60 - combi :[0, 2, 0, 2]
2020-02-07 17:49:57 INFO  Game:40 - 4
2020-02-07 17:49:57 INFO  Game:60 - combi :[2, 5, 6, 9]
2020-02-07 17:50:57 INFO  Game:40 - 4
2020-02-07 17:50:57 INFO  Game:60 - combi :[5, 6, 4, 8]
2020-02-07 17:51:41 INFO  Game:40 - 4
2020-02-07 17:51:41 INFO  Game:60 - combi :[0, 2, 0, 2]
2020-02-07 17:51:57 INFO  Game:40 - 4
2020-02-07 17:51:57 INFO  Game:60 - combi :[5, 6, 5, 6]
2020-02-07 17:55:58 INFO  Game:40 - 4
2020-02-07 17:55:58 INFO  Game:60 - combi :[0, 0, 0, 0]
2020-02-07 17:56:54 INFO  Game:40 - 4
2020-02-07 17:56:54 INFO  Game:60 - combi :[4, 5, 6, 3]
2020-02-07 17:57:20 INFO  Game:40 - 4
2020-02-07 17:57:20 INFO  Game:60 - combi :[2, 9, 4, 6]
2020-02-07 18:00:28 INFO  Game:40 - 4
2020-02-07 18:00:28 INFO  Game:60 - combi :[2, 1, 5, 6]
2020-02-07 18:01:54 INFO  Game:40 - 4
2020-02-07 18:01:54 INFO  Game:60 - combi :[4, 8, 9, 6]
2020-02-07 18:03:06 INFO  Game:40 - 4
2020-02-07 18:03:06 INFO  Game:60 - combi :[0, 2, 0, 2]
2020-02-11 13:13:18 INFO  Game:40 - 5
2020-02-11 13:13:23 INFO  Game:40 - 4
2020-02-11 13:13:23 INFO  Game:61 - combi :[3, 4, 2, 3]
2020-02-11 13:13:35 INFO  Game:40 - 4
2020-02-11 13:13:35 INFO  Game:61 - combi :[3, 2, 3, 4]
2020-02-11 13:13:37 INFO  Game:40 - 4
2020-02-11 13:13:37 INFO  Game:61 - combi :[2, 3, 4, 5]
2020-02-11 13:13:39 INFO  Game:40 - 4
2020-02-11 13:13:39 INFO  Game:61 - combi :[2, 3, 4, 5]
2020-02-11 13:13:41 INFO  Game:40 - 4
2020-02-11 13:13:41 INFO  Game:61 - combi :[2, 3, 4, 5]
2020-02-11 13:13:42 INFO  Game:40 - 4
2020-02-11 13:13:42 INFO  Game:61 - combi :[2, 3, 2, 3]
2020-02-11 13:13:46 INFO  Game:40 - 4
2020-02-11 13:13:46 INFO  Game:61 - combi :[2, 2, 2, 2]
2020-02-11 13:13:52 INFO  Game:40 - 4
2020-02-11 13:13:52 INFO  Game:61 - combi :[1, 2, 2, 2]
2020-02-11 13:13:59 INFO  Game:40 - 4
2020-02-11 13:13:59 INFO  Game:61 - combi :[2, 2, 2, 2]
2020-02-11 13:15:46 INFO  Game:40 - 4
2020-02-11 13:15:46 INFO  Game:61 - combi :[2, 3, 4, 5]
2020-02-11 13:15:57 INFO  Game:40 - 5
2020-02-12 21:16:39 INFO  Game:40 - 4
2020-02-12 21:16:39 INFO  Game:61 - combi :[3, 2, 4, 5]
2020-02-12 21:16:52 INFO  Game:40 - 4
2020-02-12 21:16:52 INFO  Game:61 - combi :[7, 2, 3, 5]
2020-02-12 21:20:53 INFO  Game:40 - 4
2020-02-12 21:20:53 INFO  Game:61 - combi :[3, 2, 4, 5]
2020-02-12 21:21:01 INFO  Game:40 - 4
2020-02-12 21:21:01 INFO  Game:61 - combi :[3, 4, 5, 6]
2020-02-12 21:21:04 INFO  Game:40 - 4
2020-02-12 21:21:04 INFO  Game:61 - combi :[5, 4, 3, 3]
2020-02-12 21:21:06 INFO  Game:40 - 4
2020-02-12 21:21:06 INFO  Game:61 - combi :[3, 4, 5, 6]
2020-02-12 21:21:15 INFO  Game:40 - 4
2020-02-12 21:21:15 INFO  Game:61 - combi :[8, 2, 6, 5]
2020-02-12 21:21:26 INFO  Game:40 - 4
2020-02-12 21:21:26 INFO  Game:61 - combi :[8, 2, 5, 5]
2020-02-12 21:21:39 INFO  Game:40 - 4
2020-02-12 21:21:39 INFO  Game:61 - combi :[8, 2, 4, 5]
2020-02-12 21:21:44 INFO  Game:40 - 4
2020-02-12 21:21:44 INFO  Game:61 - combi :[8, 2, 3, 5]
2020-02-12 21:21:50 INFO  Game:40 - 4
2020-02-12 21:21:50 INFO  Game:61 - combi :[8, 2, 5, 5]
2020-02-12 21:21:59 INFO  Game:40 - 4
2020-02-12 21:21:59 INFO  Game:61 - combi :[3, 2, 2, 5]
2020-02-12 21:22:09 INFO  Game:40 - 4
2020-02-12 21:22:09 INFO  Game:61 - combi :[3, 2, 2, 5]
2020-02-14 19:35:34 INFO  Game:40 - 4
2020-02-14 19:35:34 INFO  Game:61 - combi :[1, 5, 6, 3]
2020-02-14 19:35:54 INFO  Game:40 - 4
2020-02-14 19:35:54 INFO  Game:61 - combi :[2, 4, 7, 4]
2020-02-14 19:36:06 INFO  Game:40 - 4
2020-02-14 19:36:06 INFO  Game:61 - combi :[3, 3, 8, 5]
2020-02-14 19:36:15 INFO  Game:40 - 4
2020-02-14 19:36:15 INFO  Game:61 - combi :[4, 2, 9, 6]
2020-02-14 19:36:20 INFO  Game:40 - 4
2020-02-14 19:36:20 INFO  Game:61 - combi :[5, 2, 9, 6]
2020-02-14 19:36:26 INFO  Game:40 - 4
2020-02-14 19:36:26 INFO  Game:61 - combi :[6, 2, 9, 6]
2020-02-14 19:36:29 INFO  Game:40 - 4
2020-02-14 19:36:29 INFO  Game:61 - combi :[7, 2, 9, 6]
2020-02-14 19:36:34 INFO  Game:40 - 4
2020-02-14 19:36:34 INFO  Game:61 - combi :[8, 2, 9, 6]
2020-02-14 19:39:45 INFO  Game:40 - 4
2020-02-14 19:39:45 INFO  Game:61 - combi :[0, 0, 0, 0]
2020-02-14 19:41:19 INFO  Game:40 - 4
2020-02-14 19:41:19 INFO  Game:61 - combi :[1, 5, 6, 8]
2020-02-14 19:41:46 INFO  Game:40 - 4
2020-02-14 19:41:46 INFO  Game:61 - combi :[0, 0, 0, 0]
2020-02-14 19:42:37 INFO  Game:40 - 4
2020-02-14 19:42:37 INFO  Game:61 - combi :[0, 0, 0, 0]
2020-02-14 19:42:45 INFO  Game:40 - 4
2020-02-14 19:42:45 INFO  Game:61 - combi :[0, 1, 1, 1]
2020-02-14 19:42:50 INFO  Game:40 - 4
2020-02-14 19:42:50 INFO  Game:61 - combi :[0, 2, 2, 1]
2020-02-14 19:42:58 INFO  Game:40 - 4
2020-02-14 19:42:58 INFO  Game:61 - combi :[0, 2, 3, 1]
2020-02-18 17:05:02 INFO  Game:40 - 4
2020-02-18 17:05:02 INFO  Game:61 - combi :[5, 4, 8, 6]
2020-02-18 17:05:55 INFO  Game:40 - 4
2020-02-18 17:05:55 INFO  Game:61 - combi :[5, 4, 6, 3]
2020-02-18 17:06:31 INFO  Game:40 - 4
2020-02-18 17:06:31 INFO  Game:61 - combi :[5, 8, 9, 3]
2020-02-18 17:06:40 INFO  Game:40 - 4
2020-02-18 17:06:40 INFO  Game:61 - combi :[4, 7, 8, 2]
2020-02-18 17:06:49 INFO  Game:40 - 4
2020-02-18 17:06:49 INFO  Game:61 - combi :[4, 6, 7, 2]
2020-02-18 17:06:54 INFO  Game:40 - 4
2020-02-18 17:06:54 INFO  Game:61 - combi :[4, 5, 6, 2]
2020-02-18 17:16:32 INFO  Game:40 - 4
2020-02-18 17:16:32 INFO  Game:61 - combi :[5, 6, 3, 2]
2020-02-18 17:19:58 INFO  Game:40 - 5
2020-02-18 17:20:00 INFO  Game:40 - 4
2020-02-18 17:20:00 INFO  Game:61 - combi :[4, 5, 6, 3]
2020-02-18 17:20:53 INFO  Game:40 - 4
2020-02-18 17:20:53 INFO  Game:61 - combi :[2, 5, 6, 3]
2020-02-18 17:21:06 INFO  Game:40 - 4
2020-02-18 17:21:06 INFO  Game:61 - combi :[3, 2, 1, 4]
2020-02-18 17:21:11 INFO  Game:40 - 4
2020-02-18 17:21:11 INFO  Game:61 - combi :[4, 3, 2, 5]
2020-02-18 17:21:17 INFO  Game:40 - 4
2020-02-18 17:21:17 INFO  Game:61 - combi :[5, 3, 2, 6]
2020-02-18 17:21:23 INFO  Game:40 - 4
2020-02-18 17:21:23 INFO  Game:61 - combi :[6, 3, 2, 7]
2020-02-18 17:28:02 INFO  Game:40 - 4
2020-02-18 17:28:02 INFO  Game:61 - combi :[1, 3, 6, 3]
2020-02-18 17:28:40 INFO  Game:40 - 4
2020-02-18 17:28:40 INFO  Game:61 - combi :[1, 2, 3, 1]
2020-02-18 17:29:59 INFO  Game:40 - 4
2020-02-18 17:29:59 INFO  Game:61 - combi :[1, 2, 3, 6]
2020-02-18 17:31:14 INFO  Game:40 - 4
2020-02-18 17:31:14 INFO  Game:61 - combi :[3, 2, 5, 6]
2020-02-18 17:34:58 INFO  Game:40 - 1
2020-02-18 17:35:05 INFO  Game:40 - 4
2020-02-18 17:35:05 INFO  Game:61 - combi :[2, 5, 6, 3]
2020-02-18 17:35:07 INFO  Game:40 - 4
2020-02-18 17:35:07 INFO  Game:61 - combi :[2, 5, 6, 3]
2020-02-18 17:35:12 INFO  Game:40 - 8
2020-02-18 17:35:14 INFO  Game:40 - 4
2020-02-18 17:35:14 INFO  Game:61 - combi :[2, 5, 6, 3]
2020-02-18 17:35:16 INFO  Game:40 - 4
2020-02-18 17:35:16 INFO  Game:61 - combi :[2, 5, 6, 3]
2020-02-18 17:36:19 INFO  Game:40 - 4
2020-02-18 17:36:19 INFO  Game:61 - combi :[2, 5, 1, 1]
2020-02-18 17:36:32 INFO  Game:40 - 4
2020-02-18 17:36:32 INFO  Game:61 - combi :[0, 0, 0, 0]
2020-02-18 17:39:35 INFO  Game:40 - 4
2020-02-18 17:39:35 INFO  Game:61 - combi :[0, 0, 0, 0]
2020-02-18 17:39:41 INFO  Game:40 - 4
2020-02-18 17:39:41 INFO  Game:61 - combi :[1, 0, 1, 1]
2020-02-18 17:39:44 INFO  Game:40 - 4
2020-02-18 17:39:44 INFO  Game:61 - combi :[2, 0, 2, 2]
2020-02-18 17:39:50 INFO  Game:40 - 4
2020-02-18 17:39:50 INFO  Game:61 - combi :[2, 0, 3, 3]
2020-02-19 18:09:46 INFO  Game:40 - 0
2020-02-19 18:12:41 INFO  Game:39 - 0
2020-02-19 18:13:33 INFO  Game:40 - 0
2020-02-19 18:13:59 INFO  Game:41 - 0
2020-02-19 18:16:35 INFO  Game:41 - 0
2020-02-19 18:18:51 INFO  Game:39 - 0
2020-02-19 18:19:12 INFO  Game:39 - 0
2020-02-19 18:19:27 INFO  Game:39 - 3
2020-02-19 18:19:27 INFO  Game:61 - combi :[1, 2, 3]
2020-02-19 18:21:27 INFO  Game:39 - 0
2020-02-19 18:21:30 INFO  Game:39 - 4
2020-02-19 18:21:30 INFO  Game:61 - combi :[2, 5, 6, 3]
2020-02-19 18:21:33 INFO  Game:39 - 4
2020-02-19 18:21:33 INFO  Game:61 - combi :[2, 5, 5, 5]
2020-02-19 18:21:45 INFO  Game:39 - 4
2020-02-19 18:21:45 INFO  Game:61 - combi :[3, 3, 4, 6]
2020-02-19 18:21:55 INFO  Game:39 - 4
2020-02-19 18:21:55 INFO  Game:61 - combi :[5, 6, 5, 6]
2020-02-19 18:22:30 INFO  Game:39 - 0
2020-02-19 18:22:33 INFO  Game:39 - 4
2020-02-19 18:22:33 INFO  Game:61 - combi :[1, 2, 3, 2]
2020-02-19 18:22:35 INFO  Game:39 - 4
2020-02-19 18:22:35 INFO  Game:61 - combi :[1, 2, 5, 6]
2020-02-19 18:22:37 INFO  Game:39 - 4
2020-02-19 18:22:37 INFO  Game:61 - combi :[1, 5, 2, 2]
2020-02-19 18:22:40 INFO  Game:39 - 5
2020-02-19 18:22:40 INFO  Game:61 - combi :[1, 5, 5, 5, 5]
2020-02-19 18:22:43 INFO  Game:39 - 4
2020-02-19 18:22:43 INFO  Game:61 - combi :[1, 5, 5, 5]
2020-02-20 13:26:39 INFO  Game:39 - 0
2020-02-20 13:34:54 INFO  Game:39 - 0
2020-02-20 13:37:06 INFO  Game:39 - 0
2020-02-20 13:43:06 INFO  Game:61 - combi :[2, 2, 2, 2]
2020-02-20 13:43:08 INFO  Game:61 - combi :[5, 5, 5]
2020-02-20 14:16:53 INFO  Game:59 - combi :[8, 7, 4, 5]
2020-02-20 14:17:02 INFO  Game:59 - combi :[5, 4, 5, 2]
2020-02-20 14:17:05 INFO  Game:59 - combi :[6, 5, 4, 7]
2020-02-20 14:17:08 INFO  Game:59 - combi :[8, 5, 4, 1]
2020-02-20 14:17:14 INFO  Game:59 - combi :[5, 4, 8, 7]
2020-02-20 14:21:02 INFO  Game:59 - combi :[5, 6]
2020-02-20 14:21:07 INFO  Game:59 - combi :[2, 1, 2, 3]
2020-02-20 14:21:10 INFO  Game:59 - combi :[2, 3, 0, 1]
2020-02-20 14:21:52 INFO  Game:59 - combi :[5, 8, 9, 6]
2020-02-20 14:22:16 INFO  Game:59 - combi :[4, 7, 8, 5]
2020-02-20 14:22:30 INFO  Game:59 - combi :[4, 7, 8, 6]
2020-02-20 14:23:02 INFO  Game:59 - combi :[4, 7, 8, 5]
2020-02-20 14:23:14 INFO  Game:59 - combi :[5, 6, 3, 2]
2020-02-20 14:23:17 INFO  Game:59 - combi :[8, 5, 4, 2, 1]
2020-02-20 14:23:41 INFO  Game:59 - combi :[5, 6, 3, 2, 1]
2020-02-20 14:25:33 INFO  Game:59 - combi :[0, 0, 0, 0]
2020-02-20 14:25:39 INFO  Game:59 - combi :[5, 6, 3, 2]
2020-02-20 14:33:51 INFO  Game:59 - combi :[3, 2, 1, 2]
2020-02-20 14:33:55 INFO  Game:59 - combi :[3, 2, 1, 4]
2020-02-20 14:44:41 INFO  Game:59 - combi :[2, 1, 2, 3]
2020-02-20 14:44:44 INFO  Game:59 - combi :[5, 1, 1, 2]
2020-02-20 14:45:19 INFO  Game:59 - combi :[3, 6, 5, 2]
2020-02-20 14:45:21 INFO  Game:59 - combi :[3, 2, 5, 6]
2020-02-20 14:45:48 INFO  Game:59 - combi :[2, 1, 4, 5]
2020-02-20 14:45:49 INFO  Game:59 - combi :[2, 5, 4, 1]
2020-02-20 14:46:02 INFO  Game:59 - combi :[3, 2, 1, 4]
2020-02-20 14:46:03 INFO  Game:59 - combi :[5, 2, 1, 4]
2020-02-20 14:47:20 INFO  Game:59 - combi :[2, 5, 4, 2]
2020-02-20 14:48:22 INFO  Game:59 - combi :[0, 0, 0, 0]
2020-02-20 14:49:21 INFO  Game:59 - combi :[2, 1, 4, 5]
2020-02-20 14:59:06 INFO  Game:59 - combi :[2, 1, 2, 5]
2020-02-20 14:59:48 INFO  Game:59 - combi :[0, 0, 0, 0]
2020-02-20 14:59:51 INFO  Game:59 - combi :[1, 1, 1, 1]
2020-02-20 14:59:53 INFO  Game:59 - combi :[5, 5, 5, 5]
2020-02-20 14:59:58 INFO  Game:59 - combi :[6, 6, 6, 4]
2020-02-20 15:00:19 INFO  Game:59 - combi :[6, 7, 7, 3]
2020-02-20 15:00:28 INFO  Game:59 - combi :[6, 8, 7, 3]
2020-02-20 15:00:32 INFO  Game:59 - combi :[6, 9, 7, 3]
2020-02-20 15:01:22 INFO  Game:59 - combi :[5, 6, 9, 8]
2020-02-20 15:01:48 INFO  Game:59 - combi :[6, 7, 8, 7]
2020-02-20 15:02:09 INFO  Game:59 - combi :[7, 7, 7, 6]
2020-02-20 15:02:19 INFO  Game:59 - combi :[8, 7, 5, 5]
2020-02-20 15:02:22 INFO  Game:59 - combi :[8, 7, 4, 4]
2020-02-20 15:02:25 INFO  Game:59 - combi :[8, 7, 3, 3]
2020-02-20 15:02:27 INFO  Game:59 - combi :[8, 7, 2, 2]
2020-02-20 15:02:30 INFO  Game:59 - combi :[8, 7, 2, 1]
2020-02-20 15:02:41 INFO  Game:59 - combi :[8, 7, 2, 0]
2020-02-20 15:02:55 INFO  Game:59 - combi :[3, 6, 5, 4]
2020-02-20 15:03:25 INFO  Game:59 - combi :[4, 5, 6, 3]
2020-02-20 15:06:10 INFO  Game:59 - combi :[0, 0, 0, 0]
2020-02-20 15:07:58 INFO  Game:59 - combi :[5, 4, 2, 1]
2020-02-20 15:09:20 INFO  Game:59 - combi :[4, 3, 3, 2]
2020-02-21 11:54:26 INFO  Mastermind:28 - Lancement du jeu
2020-02-21 12:03:04 INFO  Mastermind:28 - Lancement du jeu
2020-02-21 12:03:37 INFO  Mastermind:28 - Lancement du jeu
2020-02-21 12:03:57 INFO  Mastermind:28 - Lancement du jeu
2020-02-21 12:09:57 INFO  Mastermind:29 - Lancement du jeu
2020-02-21 12:10:32 INFO  Mastermind:29 - Lancement du jeu
2020-02-21 12:10:52 INFO  Mastermind:29 - Lancement du jeu
